#
# A fatal error has been detected by the Java Runtime Environment:
#
#  Internal Error (constantPool.cpp:1351), pid=26100, tid=139805870184192
#  Error: ShouldNotReachHere()
#
# JRE version: Java(TM) SE Runtime Environment (8.0_05-b13) (build 1.8.0_05-b13)
# Java VM: Java HotSpot(TM) 64-Bit Server VM (25.5-b02 mixed mode linux-amd64 compressed oops)
# Failed to write core dump. Core dumps have been disabled. To enable core dumping, try "ulimit -c unlimited" before starting Java again
#
# If you would like to submit a bug report, please visit:
#   http://bugreport.sun.com/bugreport/crash.jsp
#

---------------  T H R E A D  ---------------

Current thread (0x00007f27480eb800):  JavaThread "JDWP Transport Listener: dt_socket" daemon [_thread_in_vm, id=26121, stack(0x00007f27172ad000,0x00007f27173ae000)]

Stack: [0x00007f27172ad000,0x00007f27173ae000],  sp=0x00007f27173abf10,  free space=1019k
Native frames: (J=compiled Java code, j=interpreted, Vv=VM code, C=native code)
V  [libjvm.so+0xa2f43a]  VMError::report_and_die()+0x2ca
V  [libjvm.so+0x4b2742]  report_should_not_reach_here(char const*, int)+0x52
V  [libjvm.so+0x4ab9d1]  ConstantPool::copy_entry_to(constantPoolHandle, int, constantPoolHandle, int, Thread*)+0x51
V  [libjvm.so+0x745ad9]  VM_RedefineClasses::merge_constant_pools(constantPoolHandle, constantPoolHandle, constantPoolHandle*, int*, Thread*)+0x189
V  [libjvm.so+0x747110]  VM_RedefineClasses::merge_cp_and_rewrite(instanceKlassHandle, instanceKlassHandle, Thread*)+0x360
V  [libjvm.so+0x74796d]  VM_RedefineClasses::load_new_class_versions(Thread*)+0x4cd
V  [libjvm.so+0x7483b0]  VM_RedefineClasses::doit_prologue()+0xc0
V  [libjvm.so+0xa3637b]  VMThread::execute(VM_Operation*)+0x16b
V  [libjvm.so+0x713268]  JvmtiEnv::RedefineClasses(int, _jvmtiClassDefinition const*)+0x28
V  [libjvm.so+0x6d296d]  jvmti_RedefineClasses+0x14d
C  [libjdwp.so+0xbbc6]  redefineClasses+0x1f6
C  [libjdwp.so+0x11976]  debugLoop_run+0x2b6
C  [libjdwp.so+0x247af]  attachThread+0x2f
V  [libjvm.so+0x736402]  JvmtiAgentThread::call_start_function()+0xc2
V  [libjvm.so+0x9e303f]  JavaThread::thread_main_inner()+0xdf
V  [libjvm.so+0x9e3205]  JavaThread::run()+0x1b5
V  [libjvm.so+0x8a00c8]  java_start(Thread*)+0x108


---------------  P R O C E S S  ---------------

Java Threads: ( => current thread )
  0x00007f2660013800 JavaThread "ForkJoinPool-2-worker-1" daemon [_thread_blocked, id=26179, stack(0x00007f266b9fe000,0x00007f266baff000)]
  0x00007f2680001800 JavaThread "Hashed wheel timer #1" [_thread_blocked, id=26157, stack(0x00007f2714228000,0x00007f2714329000)]
  0x00007f26c84d8800 JavaThread "New I/O boss #17" [_thread_in_native, id=26155, stack(0x00007f2714329000,0x00007f271442a000)]
  0x00007f26c84ba000 JavaThread "New I/O worker #16" [_thread_in_native, id=26154, stack(0x00007f271442a000,0x00007f271452b000)]
  0x00007f26c848f000 JavaThread "New I/O worker #15" [_thread_in_native, id=26153, stack(0x00007f271452b000,0x00007f271462c000)]
  0x00007f26c8464000 JavaThread "New I/O worker #14" [_thread_in_native, id=26152, stack(0x00007f271462c000,0x00007f271472d000)]
  0x00007f26c8439000 JavaThread "New I/O worker #13" [_thread_in_native, id=26151, stack(0x00007f271472d000,0x00007f271482e000)]
  0x00007f26c840e800 JavaThread "New I/O worker #12" [_thread_in_native, id=26150, stack(0x00007f271482e000,0x00007f271492f000)]
  0x00007f26c83e4000 JavaThread "New I/O worker #11" [_thread_in_native, id=26149, stack(0x00007f271492f000,0x00007f2714a30000)]
  0x00007f26c83b9000 JavaThread "New I/O worker #10" [_thread_in_native, id=26148, stack(0x00007f2714a30000,0x00007f2714b31000)]
  0x00007f26c838e800 JavaThread "New I/O worker #9" [_thread_in_native, id=26147, stack(0x00007f2714b31000,0x00007f2714c32000)]
  0x00007f26c8363800 JavaThread "New I/O worker #8" [_thread_in_native, id=26146, stack(0x00007f2714c32000,0x00007f2714d33000)]
  0x00007f26c8339000 JavaThread "New I/O worker #7" [_thread_in_native, id=26145, stack(0x00007f2714d33000,0x00007f2714e34000)]
  0x00007f26c830e000 JavaThread "New I/O worker #6" [_thread_in_native, id=26144, stack(0x00007f2714e34000,0x00007f2714f35000)]
  0x00007f26c82e4800 JavaThread "New I/O worker #5" [_thread_in_native, id=26143, stack(0x00007f2714f35000,0x00007f2715036000)]
  0x00007f26c82ba800 JavaThread "New I/O worker #4" [_thread_in_native, id=26142, stack(0x00007f2715036000,0x00007f2715137000)]
  0x00007f26c822e800 JavaThread "New I/O worker #3" [_thread_in_native, id=26141, stack(0x00007f2715137000,0x00007f2715238000)]
  0x00007f26c822d800 JavaThread "New I/O worker #2" [_thread_in_native, id=26140, stack(0x00007f2715238000,0x00007f2715339000)]
  0x00007f26c81b6800 JavaThread "New I/O worker #1" [_thread_in_native, id=26139, stack(0x00007f2715339000,0x00007f271543a000)]
  0x00007f26c8005000 JavaThread "reactivemongo-akka.actor.default-dispatcher-4" [_thread_blocked, id=26138, stack(0x00007f2715e54000,0x00007f2715f55000)]
  0x00007f2748882000 JavaThread "reactivemongo-akka.actor.default-dispatcher-3" [_thread_blocked, id=26137, stack(0x00007f2715f55000,0x00007f2716056000)]
  0x00007f2748875000 JavaThread "reactivemongo-akka.actor.default-dispatcher-2" [_thread_blocked, id=26136, stack(0x00007f2716056000,0x00007f2716157000)]
  0x00007f2748811000 JavaThread "reactivemongo-scheduler-1" [_thread_blocked, id=26135, stack(0x00007f2716357000,0x00007f2716458000)]
  0x00007f27483bd000 JavaThread "ScalaTest-dispatcher" [_thread_blocked, id=26134, stack(0x00007f2716695000,0x00007f2716796000)]
  0x00007f2748115000 JavaThread "Service Thread" daemon [_thread_blocked, id=26131, stack(0x00007f2716ba6000,0x00007f2716ca7000)]
  0x00007f27480f8000 JavaThread "C1 CompilerThread3" daemon [_thread_blocked, id=26130, stack(0x00007f2716ca7000,0x00007f2716da8000)]
  0x00007f27480f5800 JavaThread "C2 CompilerThread2" daemon [_thread_blocked, id=26129, stack(0x00007f2716da8000,0x00007f2716ea9000)]
  0x00007f27480f4000 JavaThread "C2 CompilerThread1" daemon [_thread_blocked, id=26128, stack(0x00007f2716ea9000,0x00007f2716faa000)]
  0x00007f27480f1000 JavaThread "C2 CompilerThread0" daemon [_thread_blocked, id=26127, stack(0x00007f2716faa000,0x00007f27170ab000)]
  0x00007f26f8001000 JavaThread "JDWP Command Reader" daemon [_thread_in_native, id=26123, stack(0x00007f27170ab000,0x00007f27171ac000)]
  0x00007f27480ef000 JavaThread "JDWP Event Helper Thread" daemon [_thread_blocked, id=26122, stack(0x00007f27171ac000,0x00007f27172ad000)]
=>0x00007f27480eb800 JavaThread "JDWP Transport Listener: dt_socket" daemon [_thread_in_vm, id=26121, stack(0x00007f27172ad000,0x00007f27173ae000)]
  0x00007f27480dd800 JavaThread "Signal Dispatcher" daemon [_thread_blocked, id=26119, stack(0x00007f27177f8000,0x00007f27178f9000)]
  0x00007f27480af000 JavaThread "Finalizer" daemon [_thread_blocked, id=26118, stack(0x00007f27178f9000,0x00007f27179fa000)]
  0x00007f27480ab000 JavaThread "Reference Handler" daemon [_thread_blocked, id=26117, stack(0x00007f27179fa000,0x00007f2717afb000)]
  0x00007f274800c800 JavaThread "ScalaTest-main-running-CalculatorTest" [_thread_blocked, id=26102, stack(0x00007f274e9b8000,0x00007f274eab9000)]

Other Threads:
  0x00007f27480a6000 VMThread [stack: 0x00007f2717afb000,0x00007f2717bfc000] [id=26116]
  0x00007f2748118000 WatcherThread [stack: 0x00007f2716aa5000,0x00007f2716ba6000] [id=26132]

VM state:not at safepoint (normal execution)

VM Mutex/Monitor currently owned by a thread: None

Heap:
 PSYoungGen      total 54272K, used 33064K [0x000000076ce00000, 0x0000000770680000, 0x00000007c0000000)
  eden space 51712K, 60% used [0x000000076ce00000,0x000000076ec86500,0x0000000770080000)
  from space 2560K, 70% used [0x0000000770400000,0x00000007705c3dd8,0x0000000770680000)
  to   space 3072K, 0% used [0x0000000770080000,0x0000000770080000,0x0000000770380000)
 ParOldGen       total 10240K, used 7489K [0x00000006c6a00000, 0x00000006c7400000, 0x000000076ce00000)
  object space 10240K, 73% used [0x00000006c6a00000,0x00000006c7150518,0x00000006c7400000)
 Metaspace       used 27141K, capacity 27262K, committed 27520K, reserved 1073152K
  class space    used 4350K, capacity 4371K, committed 4480K, reserved 1048576K

Card table byte_map: [0x00007f273796e000,0x00007f273813a000] byte_map_base: 0x00007f2734339000

Marking Bits: (ParMarkBitMap*) 0x00007f274dececc0
 Begin Bits: [0x00007f2708350000, 0x00007f270c1a8000)
 End Bits:   [0x00007f270c1a8000, 0x00007f2710000000)

Polling page: 0x00007f274eafa000

CodeCache: size=245760Kb used=7098Kb max_used=7107Kb free=238661Kb
 bounds [0x00007f27384fa000, 0x00007f2738bfa000, 0x00007f27474fa000]
 total_blobs=2748 nmethods=2318 adapters=352
 compilation: enabled

Compilation events (10 events):
Event: 81.384 Thread 0x00007f27480f8000 2324       3       java.lang.Integer::toString (48 bytes)
Event: 81.385 Thread 0x00007f27480f8000 nmethod 2324 0x00007f2738becd90 code [0x00007f2738becf60, 0x00007f2738bed588]
Event: 81.385 Thread 0x00007f27480f8000 2323       3       scala.collection.TraversableLike$$anonfun$filter$1::<init> (15 bytes)
Event: 81.385 Thread 0x00007f27480f8000 nmethod 2323 0x00007f2738be3c10 code [0x00007f2738be3d80, 0x00007f2738be4010]
Event: 81.385 Thread 0x00007f27480f8000 2325       3       scala.collection.TraversableLike$$anonfun$span$1::apply (6 bytes)
Event: 81.385 Thread 0x00007f27480f8000 nmethod 2325 0x00007f2738be3810 code [0x00007f2738be3980, 0x00007f2738be3b88]
Event: 82.842 Thread 0x00007f27480f4000 2326   !   4       akka.actor.LightArrayRevolverScheduler::waitNanos (50 bytes)
Event: 82.844 Thread 0x00007f27480f4000 nmethod 2326 0x00007f2738bf1090 code [0x00007f2738bf11e0, 0x00007f2738bf1318]
Event: 83.383 Thread 0x00007f27480f8000 2327       3       scala.collection.AbstractTraversable::filter (6 bytes)
Event: 83.383 Thread 0x00007f27480f8000 nmethod 2327 0x00007f2738be2d50 code [0x00007f2738be2f00, 0x00007f2738be3508]

GC Heap History (10 events):
Event: 3.491 GC heap before
{Heap before GC invocations=24 (full 2):
 PSYoungGen      total 38912K, used 37007K [0x000000076ce00000, 0x000000076fc80000, 0x00000007c0000000)
  eden space 35328K, 100% used [0x000000076ce00000,0x000000076f080000,0x000000076f080000)
  from space 3584K, 46% used [0x000000076f080000,0x000000076f223dc8,0x000000076f400000)
  to   space 3584K, 0% used [0x000000076f900000,0x000000076f900000,0x000000076fc80000)
 ParOldGen       total 10240K, used 7489K [0x00000006c6a00000, 0x00000006c7400000, 0x000000076ce00000)
  object space 10240K, 73% used [0x00000006c6a00000,0x00000006c7150518,0x00000006c7400000)
 Metaspace       used 26492K, capacity 26590K, committed 26880K, reserved 1071104K
  class space    used 4264K, capacity 4275K, committed 4352K, reserved 1048576K
Event: 3.495 GC heap after
Heap after GC invocations=24 (full 2):
 PSYoungGen      total 44032K, used 1711K [0x000000076ce00000, 0x000000076fc00000, 0x00000007c0000000)
  eden space 40960K, 0% used [0x000000076ce00000,0x000000076ce00000,0x000000076f600000)
  from space 3072K, 55% used [0x000000076f900000,0x000000076faabdd8,0x000000076fc00000)
  to   space 3072K, 0% used [0x000000076f600000,0x000000076f600000,0x000000076f900000)
 ParOldGen       total 10240K, used 7489K [0x00000006c6a00000, 0x00000006c7400000, 0x000000076ce00000)
  object space 10240K, 73% used [0x00000006c6a00000,0x00000006c7150518,0x00000006c7400000)
 Metaspace       used 26492K, capacity 26590K, committed 26880K, reserved 1071104K
  class space    used 4264K, capacity 4275K, committed 4352K, reserved 1048576K
}
Event: 3.627 GC heap before
{Heap before GC invocations=25 (full 2):
 PSYoungGen      total 44032K, used 42671K [0x000000076ce00000, 0x000000076fc00000, 0x00000007c0000000)
  eden space 40960K, 100% used [0x000000076ce00000,0x000000076f600000,0x000000076f600000)
  from space 3072K, 55% used [0x000000076f900000,0x000000076faabdd8,0x000000076fc00000)
  to   space 3072K, 0% used [0x000000076f600000,0x000000076f600000,0x000000076f900000)
 ParOldGen       total 10240K, used 7489K [0x00000006c6a00000, 0x00000006c7400000, 0x000000076ce00000)
  object space 10240K, 73% used [0x00000006c6a00000,0x00000006c7150518,0x00000006c7400000)
 Metaspace       used 26492K, capacity 26590K, committed 26880K, reserved 1071104K
  class space    used 4264K, capacity 4275K, committed 4352K, reserved 1048576K
Event: 3.629 GC heap after
Heap after GC invocations=25 (full 2):
 PSYoungGen      total 44032K, used 1711K [0x000000076ce00000, 0x0000000770200000, 0x00000007c0000000)
  eden space 40960K, 0% used [0x000000076ce00000,0x000000076ce00000,0x000000076f600000)
  from space 3072K, 55% used [0x000000076f600000,0x000000076f7abdd8,0x000000076f900000)
  to   space 3072K, 0% used [0x000000076ff00000,0x000000076ff00000,0x0000000770200000)
 ParOldGen       total 10240K, used 7489K [0x00000006c6a00000, 0x00000006c7400000, 0x000000076ce00000)
  object space 10240K, 73% used [0x00000006c6a00000,0x00000006c7150518,0x00000006c7400000)
 Metaspace       used 26492K, capacity 26590K, committed 26880K, reserved 1071104K
  class space    used 4264K, capacity 4275K, committed 4352K, reserved 1048576K
}
Event: 3.736 GC heap before
{Heap before GC invocations=26 (full 2):
 PSYoungGen      total 44032K, used 42671K [0x000000076ce00000, 0x0000000770200000, 0x00000007c0000000)
  eden space 40960K, 100% used [0x000000076ce00000,0x000000076f600000,0x000000076f600000)
  from space 3072K, 55% used [0x000000076f600000,0x000000076f7abdd8,0x000000076f900000)
  to   space 3072K, 0% used [0x000000076ff00000,0x000000076ff00000,0x0000000770200000)
 ParOldGen       total 10240K, used 7489K [0x00000006c6a00000, 0x00000006c7400000, 0x000000076ce00000)
  object space 10240K, 73% used [0x00000006c6a00000,0x00000006c7150518,0x00000006c7400000)
 Metaspace       used 26492K, capacity 26590K, committed 26880K, reserved 1071104K
  class space    used 4264K, capacity 4275K, committed 4352K, reserved 1048576K
Event: 3.737 GC heap after
Heap after GC invocations=26 (full 2):
 PSYoungGen      total 50176K, used 1807K [0x000000076ce00000, 0x0000000770200000, 0x00000007c0000000)
  eden space 47104K, 0% used [0x000000076ce00000,0x000000076ce00000,0x000000076fc00000)
  from space 3072K, 58% used [0x000000076ff00000,0x00000007700c3dd8,0x0000000770200000)
  to   space 3072K, 0% used [0x000000076fc00000,0x000000076fc00000,0x000000076ff00000)
 ParOldGen       total 10240K, used 7489K [0x00000006c6a00000, 0x00000006c7400000, 0x000000076ce00000)
  object space 10240K, 73% used [0x00000006c6a00000,0x00000006c7150518,0x00000006c7400000)
 Metaspace       used 26492K, capacity 26590K, committed 26880K, reserved 1071104K
  class space    used 4264K, capacity 4275K, committed 4352K, reserved 1048576K
}
Event: 3.857 GC heap before
{Heap before GC invocations=27 (full 2):
 PSYoungGen      total 50176K, used 48911K [0x000000076ce00000, 0x0000000770200000, 0x00000007c0000000)
  eden space 47104K, 100% used [0x000000076ce00000,0x000000076fc00000,0x000000076fc00000)
  from space 3072K, 58% used [0x000000076ff00000,0x00000007700c3dd8,0x0000000770200000)
  to   space 3072K, 0% used [0x000000076fc00000,0x000000076fc00000,0x000000076ff00000)
 ParOldGen       total 10240K, used 7489K [0x00000006c6a00000, 0x00000006c7400000, 0x000000076ce00000)
  object space 10240K, 73% used [0x00000006c6a00000,0x00000006c7150518,0x00000006c7400000)
 Metaspace       used 26492K, capacity 26590K, committed 26880K, reserved 1071104K
  class space    used 4264K, capacity 4275K, committed 4352K, reserved 1048576K
Event: 3.859 GC heap after
Heap after GC invocations=27 (full 2):
 PSYoungGen      total 50176K, used 1871K [0x000000076ce00000, 0x0000000770700000, 0x00000007c0000000)
  eden space 47104K, 0% used [0x000000076ce00000,0x000000076ce00000,0x000000076fc00000)
  from space 3072K, 60% used [0x000000076fc00000,0x000000076fdd3dd8,0x000000076ff00000)
  to   space 3072K, 0% used [0x0000000770400000,0x0000000770400000,0x0000000770700000)
 ParOldGen       total 10240K, used 7489K [0x00000006c6a00000, 0x00000006c7400000, 0x000000076ce00000)
  object space 10240K, 73% used [0x00000006c6a00000,0x00000006c7150518,0x00000006c7400000)
 Metaspace       used 26492K, capacity 26590K, committed 26880K, reserved 1071104K
  class space    used 4264K, capacity 4275K, committed 4352K, reserved 1048576K
}
Event: 3.978 GC heap before
{Heap before GC invocations=28 (full 2):
 PSYoungGen      total 50176K, used 48975K [0x000000076ce00000, 0x0000000770700000, 0x00000007c0000000)
  eden space 47104K, 100% used [0x000000076ce00000,0x000000076fc00000,0x000000076fc00000)
  from space 3072K, 60% used [0x000000076fc00000,0x000000076fdd3dd8,0x000000076ff00000)
  to   space 3072K, 0% used [0x0000000770400000,0x0000000770400000,0x0000000770700000)
 ParOldGen       total 10240K, used 7489K [0x00000006c6a00000, 0x00000006c7400000, 0x000000076ce00000)
  object space 10240K, 73% used [0x00000006c6a00000,0x00000006c7150518,0x00000006c7400000)
 Metaspace       used 26492K, capacity 26590K, committed 26880K, reserved 1071104K
  class space    used 4264K, capacity 4275K, committed 4352K, reserved 1048576K
Event: 3.980 GC heap after
Heap after GC invocations=28 (full 2):
 PSYoungGen      total 54272K, used 1807K [0x000000076ce00000, 0x0000000770680000, 0x00000007c0000000)
  eden space 51712K, 0% used [0x000000076ce00000,0x000000076ce00000,0x0000000770080000)
  from space 2560K, 70% used [0x0000000770400000,0x00000007705c3dd8,0x0000000770680000)
  to   space 3072K, 0% used [0x0000000770080000,0x0000000770080000,0x0000000770380000)
 ParOldGen       total 10240K, used 7489K [0x00000006c6a00000, 0x00000006c7400000, 0x000000076ce00000)
  object space 10240K, 73% used [0x00000006c6a00000,0x00000006c7150518,0x00000006c7400000)
 Metaspace       used 26492K, capacity 26590K, committed 26880K, reserved 1071104K
  class space    used 4264K, capacity 4275K, committed 4352K, reserved 1048576K
}

Deoptimization events (10 events):
Event: 31.384 Thread 0x00007f2748875000 Uncommon trap: reason=class_check action=maybe_recompile pc=0x00007f2738b14d38 method=scala.collection.immutable.Stream.foreach(Lscala/Function1;)V @ 13
Event: 31.384 Thread 0x00007f2748875000 Uncommon trap: reason=array_check action=maybe_recompile pc=0x00007f27389be6a0 method=scala.runtime.ScalaRunTime$.array_update(Ljava/lang/Object;ILjava/lang/Object;)V @ 17
Event: 31.384 Thread 0x00007f2748875000 Uncommon trap: reason=class_check action=maybe_recompile pc=0x00007f2738b11640 method=org.jboss.netty.buffer.HeapChannelBuffer.setBytes(ILorg/jboss/netty/buffer/ChannelBuffer;II)V @ 1
Event: 31.384 Thread 0x00007f2748875000 Uncommon trap: reason=class_check action=maybe_recompile pc=0x00007f2738b4c020 method=reactivemongo.core.protocol.ReplyDocumentIterator.next()Ljava/lang/Object; @ 37
Event: 41.383 Thread 0x00007f2748882000 Uncommon trap: reason=bimorphic action=maybe_recompile pc=0x00007f2738ac0588 method=scala.collection.IndexedSeqOptimized$class.foreach(Lscala/collection/IndexedSeqOptimized;Lscala/Function1;)V @ 22
Event: 41.384 Thread 0x00007f2748882000 Uncommon trap: reason=class_check action=maybe_recompile pc=0x00007f2738b14d38 method=scala.collection.immutable.Stream.foreach(Lscala/Function1;)V @ 13
Event: 41.384 Thread 0x00007f2748882000 Uncommon trap: reason=array_check action=maybe_recompile pc=0x00007f27389be6a0 method=scala.runtime.ScalaRunTime$.array_update(Ljava/lang/Object;ILjava/lang/Object;)V @ 17
Event: 41.384 Thread 0x00007f2748882000 Uncommon trap: reason=class_check action=maybe_recompile pc=0x00007f2738b11640 method=org.jboss.netty.buffer.HeapChannelBuffer.setBytes(ILorg/jboss/netty/buffer/ChannelBuffer;II)V @ 1
Event: 41.384 Thread 0x00007f2748882000 Uncommon trap: reason=class_check action=maybe_recompile pc=0x00007f2738b4c020 method=reactivemongo.core.protocol.ReplyDocumentIterator.next()Ljava/lang/Object; @ 37
Event: 51.383 Thread 0x00007f26c8005000 Uncommon trap: reason=class_check action=maybe_recompile pc=0x00007f2738b05e94 method=org.jboss.netty.buffer.HeapChannelBuffer.setBytes(ILorg/jboss/netty/buffer/ChannelBuffer;II)V @ 1

Internal exceptions (10 events):
Event: 3.389 Thread 0x00007f2748875000 Exception <a 'java/security/PrivilegedActionException'> (0x000000076d1a7bd0) thrown at [/HUDSON/workspace/8-2-build-linux-amd64/jdk8u5/2488/hotspot/src/share/vm/prims/jvm.cpp, line 1248]
Event: 4.055 Thread 0x00007f26c8524800 Exception <a 'java/security/PrivilegedActionException'> (0x000000076ea93990) thrown at [/HUDSON/workspace/8-2-build-linux-amd64/jdk8u5/2488/hotspot/src/share/vm/prims/jvm.cpp, line 1248]
Event: 4.057 Thread 0x00007f26c8524800 Exception <a 'java/security/PrivilegedActionException'> (0x000000076ea9e378) thrown at [/HUDSON/workspace/8-2-build-linux-amd64/jdk8u5/2488/hotspot/src/share/vm/prims/jvm.cpp, line 1248]
Event: 4.057 Thread 0x00007f26c8524800 Exception <a 'java/security/PrivilegedActionException'> (0x000000076eaa4b70) thrown at [/HUDSON/workspace/8-2-build-linux-amd64/jdk8u5/2488/hotspot/src/share/vm/prims/jvm.cpp, line 1248]
Event: 4.057 Thread 0x00007f26c8524800 Exception <a 'java/security/PrivilegedActionException'> (0x000000076eaa90f0) thrown at [/HUDSON/workspace/8-2-build-linux-amd64/jdk8u5/2488/hotspot/src/share/vm/prims/jvm.cpp, line 1248]
Event: 4.057 Thread 0x00007f26c8524800 Exception <a 'java/lang/NoClassDefFoundError': slogger/model/processing/SliceResult> (0x000000076eaa9318) thrown at [/HUDSON/workspace/8-2-build-linux-amd64/jdk8u5/2488/hotspot/src/share/vm/classfile/systemDictionary.cpp, line 191]
Event: 11.383 Thread 0x00007f26c8005000 Exception <a 'java/security/PrivilegedActionException'> (0x000000076eb3a4e0) thrown at [/HUDSON/workspace/8-2-build-linux-amd64/jdk8u5/2488/hotspot/src/share/vm/prims/jvm.cpp, line 1248]
Event: 11.384 Thread 0x00007f26c8005000 Exception <a 'java/security/PrivilegedActionException'> (0x000000076eb432f8) thrown at [/HUDSON/workspace/8-2-build-linux-amd64/jdk8u5/2488/hotspot/src/share/vm/prims/jvm.cpp, line 1248]
Event: 11.384 Thread 0x00007f26c8005000 Exception <a 'java/security/PrivilegedActionException'> (0x000000076eb4c3a8) thrown at [/HUDSON/workspace/8-2-build-linux-amd64/jdk8u5/2488/hotspot/src/share/vm/prims/jvm.cpp, line 1248]
Event: 11.386 Thread 0x00007f26c8005000 Exception <a 'java/security/PrivilegedActionException'> (0x000000076eb57368) thrown at [/HUDSON/workspace/8-2-build-linux-amd64/jdk8u5/2488/hotspot/src/share/vm/prims/jvm.cpp, line 1248]

Events (10 events):
Event: 81.385 Thread 0x00007f2748875000 DEOPT PACKING pc=0x00007f2738a32c70 sp=0x00007f2716154da0
Event: 81.385 Thread 0x00007f2748875000 DEOPT UNPACKING pc=0x00007f273854141a sp=0x00007f2716154ae0 mode 1
Event: 81.385 Thread 0x00007f2748875000 DEOPT PACKING pc=0x00007f2738967994 sp=0x00007f2716154c80
Event: 81.385 Thread 0x00007f2748875000 DEOPT UNPACKING pc=0x00007f273854141a sp=0x00007f27161549e0 mode 1
Event: 81.385 Thread 0x00007f2748875000 DEOPT PACKING pc=0x00007f2738a32c70 sp=0x00007f2716154da0
Event: 81.385 Thread 0x00007f2748875000 DEOPT UNPACKING pc=0x00007f273854141a sp=0x00007f2716154ae0 mode 1
Event: 81.385 Thread 0x00007f2748875000 DEOPT PACKING pc=0x00007f2738967994 sp=0x00007f2716154c70
Event: 81.385 Thread 0x00007f2748875000 DEOPT UNPACKING pc=0x00007f273854141a sp=0x00007f27161549d0 mode 1
Event: 81.385 Thread 0x00007f2748875000 DEOPT PACKING pc=0x00007f2738a32c70 sp=0x00007f2716154d90
Event: 81.385 Thread 0x00007f2748875000 DEOPT UNPACKING pc=0x00007f273854141a sp=0x00007f2716154ad0 mode 1


Dynamic libraries:
00200000-00401000 r-xp 00000000 08:11 1728507                            /opt/oracle-jdk-bin-1.8.0.5/bin/java
00600000-00601000 rw-p 00200000 08:11 1728507                            /opt/oracle-jdk-bin-1.8.0.5/bin/java
00601000-00622000 rw-p 00000000 00:00 0                                  [heap]
6c6a00000-6c7400000 rw-p 00000000 00:00 0 
6c7400000-76ce00000 ---p 00000000 00:00 0 
76ce00000-770680000 rw-p 00000000 00:00 0 
770680000-7c0000000 ---p 00000000 00:00 0 
7c0000000-7c0460000 rw-p 00000000 00:00 0 
7c0460000-800000000 ---p 00000000 00:00 0 
7f2650000000-7f2650021000 rw-p 00000000 00:00 0 
7f2650021000-7f2654000000 ---p 00000000 00:00 0 
7f2658000000-7f2658021000 rw-p 00000000 00:00 0 
7f2658021000-7f265c000000 ---p 00000000 00:00 0 
7f265c000000-7f265c021000 rw-p 00000000 00:00 0 
7f265c021000-7f2660000000 ---p 00000000 00:00 0 
7f2660000000-7f2660282000 rw-p 00000000 00:00 0 
7f2660282000-7f2664000000 ---p 00000000 00:00 0 
7f2664000000-7f2664026000 rw-p 00000000 00:00 0 
7f2664026000-7f2668000000 ---p 00000000 00:00 0 
7f266b6fd000-7f266b77d000 rw-p 00000000 00:00 0 
7f266b77d000-7f266b900000 ---p 00000000 00:00 0 
7f266b900000-7f266b9fe000 rw-p 00000000 00:00 0 
7f266b9fe000-7f266ba01000 ---p 00000000 00:00 0 
7f266ba01000-7f266baff000 rw-p 00000000 00:00 0                          [stack:26179]
7f266baff000-7f266bb02000 ---p 00000000 00:00 0 
7f266bb02000-7f266be00000 rw-p 00000000 00:00 0 
7f266be00000-7f266c000000 rw-p 00000000 00:00 0 
7f266c000000-7f266c021000 rw-p 00000000 00:00 0 
7f266c021000-7f2670000000 ---p 00000000 00:00 0 
7f2670000000-7f2670045000 rw-p 00000000 00:00 0 
7f2670045000-7f2674000000 ---p 00000000 00:00 0 
7f2674000000-7f2674021000 rw-p 00000000 00:00 0 
7f2674021000-7f2678000000 ---p 00000000 00:00 0 
7f2678000000-7f2678035000 rw-p 00000000 00:00 0 
7f2678035000-7f267c000000 ---p 00000000 00:00 0 
7f267c000000-7f267c021000 rw-p 00000000 00:00 0 
7f267c021000-7f2680000000 ---p 00000000 00:00 0 
7f2680000000-7f2680021000 rw-p 00000000 00:00 0 
7f2680021000-7f2684000000 ---p 00000000 00:00 0 
7f2684000000-7f2684021000 rw-p 00000000 00:00 0 
7f2684021000-7f2688000000 ---p 00000000 00:00 0 
7f2688000000-7f2688021000 rw-p 00000000 00:00 0 
7f2688021000-7f268c000000 ---p 00000000 00:00 0 
7f268c000000-7f268c021000 rw-p 00000000 00:00 0 
7f268c021000-7f2690000000 ---p 00000000 00:00 0 
7f2690000000-7f2690021000 rw-p 00000000 00:00 0 
7f2690021000-7f2694000000 ---p 00000000 00:00 0 
7f2694000000-7f2694021000 rw-p 00000000 00:00 0 
7f2694021000-7f2698000000 ---p 00000000 00:00 0 
7f2698000000-7f2698021000 rw-p 00000000 00:00 0 
7f2698021000-7f269c000000 ---p 00000000 00:00 0 
7f269c000000-7f269c021000 rw-p 00000000 00:00 0 
7f269c021000-7f26a0000000 ---p 00000000 00:00 0 
7f26a0000000-7f26a0021000 rw-p 00000000 00:00 0 
7f26a0021000-7f26a4000000 ---p 00000000 00:00 0 
7f26a4000000-7f26a4021000 rw-p 00000000 00:00 0 
7f26a4021000-7f26a8000000 ---p 00000000 00:00 0 
7f26a8000000-7f26a8021000 rw-p 00000000 00:00 0 
7f26a8021000-7f26ac000000 ---p 00000000 00:00 0 
7f26ac000000-7f26ac021000 rw-p 00000000 00:00 0 
7f26ac021000-7f26b0000000 ---p 00000000 00:00 0 
7f26b0000000-7f26b0021000 rw-p 00000000 00:00 0 
7f26b0021000-7f26b4000000 ---p 00000000 00:00 0 
7f26b4000000-7f26b4021000 rw-p 00000000 00:00 0 
7f26b4021000-7f26b8000000 ---p 00000000 00:00 0 
7f26b8000000-7f26b8021000 rw-p 00000000 00:00 0 
7f26b8021000-7f26bc000000 ---p 00000000 00:00 0 
7f26bc000000-7f26bc021000 rw-p 00000000 00:00 0 
7f26bc021000-7f26c0000000 ---p 00000000 00:00 0 
7f26c0000000-7f26c0044000 rw-p 00000000 00:00 0 
7f26c0044000-7f26c4000000 ---p 00000000 00:00 0 
7f26c4000000-7f26c403a000 rw-p 00000000 00:00 0 
7f26c403a000-7f26c8000000 ---p 00000000 00:00 0 
7f26c8000000-7f26c8579000 rw-p 00000000 00:00 0 
7f26c8579000-7f26cc000000 ---p 00000000 00:00 0 
7f26cc000000-7f26cc071000 rw-p 00000000 00:00 0 
7f26cc071000-7f26d0000000 ---p 00000000 00:00 0 
7f26d0000000-7f26d026e000 rw-p 00000000 00:00 0 
7f26d026e000-7f26d4000000 ---p 00000000 00:00 0 
7f26d4000000-7f26d4021000 rw-p 00000000 00:00 0 
7f26d4021000-7f26d8000000 ---p 00000000 00:00 0 
7f26d8000000-7f26d8021000 rw-p 00000000 00:00 0 
7f26d8021000-7f26dc000000 ---p 00000000 00:00 0 
7f26dc000000-7f26dca00000 rw-p 00000000 00:00 0 
7f26dca00000-7f26e0000000 ---p 00000000 00:00 0 
7f26e0000000-7f26e03bb000 rw-p 00000000 00:00 0 
7f26e03bb000-7f26e4000000 ---p 00000000 00:00 0 
7f26e4000000-7f26e4539000 rw-p 00000000 00:00 0 
7f26e4539000-7f26e8000000 ---p 00000000 00:00 0 
7f26e8000000-7f26e8693000 rw-p 00000000 00:00 0 
7f26e8693000-7f26ec000000 ---p 00000000 00:00 0 
7f26ec000000-7f26ec021000 rw-p 00000000 00:00 0 
7f26ec021000-7f26f0000000 ---p 00000000 00:00 0 
7f26f0000000-7f26f0085000 rw-p 00000000 00:00 0 
7f26f0085000-7f26f4000000 ---p 00000000 00:00 0 
7f26f4000000-7f26f4021000 rw-p 00000000 00:00 0 
7f26f4021000-7f26f8000000 ---p 00000000 00:00 0 
7f26f8000000-7f26f8307000 rw-p 00000000 00:00 0 
7f26f8307000-7f26fc000000 ---p 00000000 00:00 0 
7f26fc000000-7f26fc021000 rw-p 00000000 00:00 0 
7f26fc021000-7f2700000000 ---p 00000000 00:00 0 
7f2700000000-7f2700021000 rw-p 00000000 00:00 0 
7f2700021000-7f2704000000 ---p 00000000 00:00 0 
7f2704000000-7f270407d000 rw-p 00000000 00:00 0 
7f270407d000-7f2708000000 ---p 00000000 00:00 0 
7f270804d000-7f2708050000 ---p 00000000 00:00 0 
7f2708050000-7f270814e000 rw-p 00000000 00:00 0 
7f270814e000-7f2708151000 ---p 00000000 00:00 0 
7f2708151000-7f270824f000 rw-p 00000000 00:00 0 
7f270824f000-7f2708252000 ---p 00000000 00:00 0 
7f2708252000-7f2710000000 rw-p 00000000 00:00 0 
7f2710000000-7f2710021000 rw-p 00000000 00:00 0 
7f2710021000-7f2714000000 ---p 00000000 00:00 0 
7f2714021000-7f2714026000 r--s 00092000 08:11 1727276                    /opt/oracle-jdk-bin-1.8.0.5/jre/lib/jsse.jar
7f2714026000-7f2714029000 ---p 00000000 00:00 0 
7f2714029000-7f2714127000 rw-p 00000000 00:00 0 
7f2714127000-7f271412a000 ---p 00000000 00:00 0 
7f271412a000-7f2714228000 rw-p 00000000 00:00 0 
7f2714228000-7f271422b000 ---p 00000000 00:00 0 
7f271422b000-7f2714329000 rw-p 00000000 00:00 0                          [stack:26157]
7f2714329000-7f271432c000 ---p 00000000 00:00 0 
7f271432c000-7f271442a000 rw-p 00000000 00:00 0                          [stack:26155]
7f271442a000-7f271442d000 ---p 00000000 00:00 0 
7f271442d000-7f271452b000 rw-p 00000000 00:00 0                          [stack:26154]
7f271452b000-7f271452e000 ---p 00000000 00:00 0 
7f271452e000-7f271462c000 rw-p 00000000 00:00 0                          [stack:26153]
7f271462c000-7f271462f000 ---p 00000000 00:00 0 
7f271462f000-7f271472d000 rw-p 00000000 00:00 0                          [stack:26152]
7f271472d000-7f2714730000 ---p 00000000 00:00 0 
7f2714730000-7f271482e000 rw-p 00000000 00:00 0                          [stack:26151]
7f271482e000-7f2714831000 ---p 00000000 00:00 0 
7f2714831000-7f271492f000 rw-p 00000000 00:00 0                          [stack:26150]
7f271492f000-7f2714932000 ---p 00000000 00:00 0 
7f2714932000-7f2714a30000 rw-p 00000000 00:00 0                          [stack:26149]
7f2714a30000-7f2714a33000 ---p 00000000 00:00 0 
7f2714a33000-7f2714b31000 rw-p 00000000 00:00 0                          [stack:26148]
7f2714b31000-7f2714b34000 ---p 00000000 00:00 0 
7f2714b34000-7f2714c32000 rw-p 00000000 00:00 0                          [stack:26147]
7f2714c32000-7f2714c35000 ---p 00000000 00:00 0 
7f2714c35000-7f2714d33000 rw-p 00000000 00:00 0                          [stack:26146]
7f2714d33000-7f2714d36000 ---p 00000000 00:00 0 
7f2714d36000-7f2714e34000 rw-p 00000000 00:00 0                          [stack:26145]
7f2714e34000-7f2714e37000 ---p 00000000 00:00 0 
7f2714e37000-7f2714f35000 rw-p 00000000 00:00 0                          [stack:26144]
7f2714f35000-7f2714f38000 ---p 00000000 00:00 0 
7f2714f38000-7f2715036000 rw-p 00000000 00:00 0                          [stack:26143]
7f2715036000-7f2715039000 ---p 00000000 00:00 0 
7f2715039000-7f2715137000 rw-p 00000000 00:00 0                          [stack:26142]
7f2715137000-7f271513a000 ---p 00000000 00:00 0 
7f271513a000-7f2715238000 rw-p 00000000 00:00 0                          [stack:26141]
7f2715238000-7f271523b000 ---p 00000000 00:00 0 
7f271523b000-7f2715339000 rw-p 00000000 00:00 0                          [stack:26140]
7f2715339000-7f271533c000 ---p 00000000 00:00 0 
7f271533c000-7f271563a000 rw-p 00000000 00:00 0                          [stack:26139]
7f271563a000-7f271583a000 rw-p 00000000 00:00 0 
7f271583a000-7f271584a000 r-xp 00000000 08:11 1727151                    /opt/oracle-jdk-bin-1.8.0.5/jre/lib/amd64/libnio.so
7f271584a000-7f2715a4a000 ---p 00010000 08:11 1727151                    /opt/oracle-jdk-bin-1.8.0.5/jre/lib/amd64/libnio.so
7f2715a4a000-7f2715a4b000 rw-p 00010000 08:11 1727151                    /opt/oracle-jdk-bin-1.8.0.5/jre/lib/amd64/libnio.so
7f2715a4b000-7f2715a53000 r-xp 00000000 08:11 1727178                    /opt/oracle-jdk-bin-1.8.0.5/jre/lib/amd64/libmanagement.so
7f2715a53000-7f2715c53000 ---p 00008000 08:11 1727178                    /opt/oracle-jdk-bin-1.8.0.5/jre/lib/amd64/libmanagement.so
7f2715c53000-7f2715c54000 rw-p 00008000 08:11 1727178                    /opt/oracle-jdk-bin-1.8.0.5/jre/lib/amd64/libmanagement.so
7f2715c54000-7f2715e54000 rw-p 00000000 00:00 0 
7f2715e54000-7f2715e57000 ---p 00000000 00:00 0 
7f2715e57000-7f2715f55000 rw-p 00000000 00:00 0                          [stack:26138]
7f2715f55000-7f2715f58000 ---p 00000000 00:00 0 
7f2715f58000-7f2716056000 rw-p 00000000 00:00 0                          [stack:26137]
7f2716056000-7f2716059000 ---p 00000000 00:00 0 
7f2716059000-7f2716357000 rw-p 00000000 00:00 0                          [stack:26136]
7f2716357000-7f271635a000 ---p 00000000 00:00 0 
7f271635a000-7f2716458000 rw-p 00000000 00:00 0                          [stack:26135]
7f2716458000-7f2716463000 r--s 0021a000 08:11 1727128                    /opt/oracle-jdk-bin-1.8.0.5/jre/lib/ext/localedata.jar
7f2716463000-7f271647f000 r--s 00393000 08:11 1727131                    /opt/oracle-jdk-bin-1.8.0.5/jre/lib/ext/cldrdata.jar
7f271647f000-7f271667f000 rw-p 00000000 00:00 0 
7f271667f000-7f2716681000 r--s 00002000 08:11 1056189                    /home/ivan/.ivy2/cache/org.scala-sbt/test-interface/jars/test-interface-1.0.jar
7f2716681000-7f2716695000 r--s 000c1000 08:11 1093514                    /home/ivan/.ivy2/cache/org.scalacheck/scalacheck_2.10/jars/scalacheck_2.10-1.11.5.jar
7f2716695000-7f2716698000 ---p 00000000 00:00 0 
7f2716698000-7f2716796000 rw-p 00000000 00:00 0                          [stack:26134]
7f2716796000-7f27167ac000 r-xp 00000000 08:11 1727179                    /opt/oracle-jdk-bin-1.8.0.5/jre/lib/amd64/libnet.so
7f27167ac000-7f27169ab000 ---p 00016000 08:11 1727179                    /opt/oracle-jdk-bin-1.8.0.5/jre/lib/amd64/libnet.so
7f27169ab000-7f27169ac000 rw-p 00015000 08:11 1727179                    /opt/oracle-jdk-bin-1.8.0.5/jre/lib/amd64/libnet.so
7f27169ac000-7f2716a11000 r--s 006c0000 08:11 1093509                    /home/ivan/.ivy2/cache/org.scalatest/scalatest_2.10/bundles/scalatest_2.10-2.2.1.jar
7f2716a11000-7f2716a17000 r--s 00031000 08:11 1075296                    /home/ivan/.ivy2/cache/org.reactivemongo/play2-reactivemongo_2.10/jars/play2-reactivemongo_2.10-0.10.2.jar
7f2716a17000-7f2716a25000 r--s 00099000 08:11 1075302                    /home/ivan/.ivy2/cache/org.apache.logging.log4j/log4j-core/jars/log4j-core-2.0-beta9.jar
7f2716a25000-7f2716a28000 r--s 00018000 08:11 1074715                    /home/ivan/.ivy2/cache/org.apache.logging.log4j/log4j-api/jars/log4j-api-2.0-beta9.jar
7f2716a28000-7f2716a50000 r--s 00261000 08:11 1074714                    /home/ivan/.ivy2/cache/com.typesafe.akka/akka-actor_2.10/jars/akka-actor_2.10-2.2.1.jar
7f2716a50000-7f2716a68000 r--s 0010f000 08:11 1073211                    /home/ivan/.ivy2/cache/io.netty/netty/bundles/netty-3.6.5.Final.jar
7f2716a68000-7f2716a6f000 r--s 00045000 08:11 1075306                    /home/ivan/.ivy2/cache/org.reactivemongo/reactivemongo-bson_2.10/jars/reactivemongo-bson_2.10-0.10.0.jar
7f2716a6f000-7f2716a8a000 r--s 00131000 08:11 1075295                    /home/ivan/.ivy2/cache/org.reactivemongo/reactivemongo_2.10/jars/reactivemongo_2.10-0.10.0.jar
7f2716a8a000-7f2716a94000 r--s 0005f000 08:11 1080448                    /home/ivan/.ivy2/cache/ch.qos.logback/logback-core/jars/logback-core-1.1.2.jar
7f2716a94000-7f2716aa5000 r--s 000cf000 08:11 1091327                    /home/ivan/.ivy2/cache/com.fasterxml.jackson.core/jackson-databind/bundles/jackson-databind-2.3.2.jar
7f2716aa5000-7f2716aa6000 ---p 00000000 00:00 0 
7f2716aa6000-7f2716ba6000 rw-p 00000000 00:00 0                          [stack:26132]
7f2716ba6000-7f2716ba9000 ---p 00000000 00:00 0 
7f2716ba9000-7f2716ca7000 rw-p 00000000 00:00 0                          [stack:26131]
7f2716ca7000-7f2716caa000 ---p 00000000 00:00 0 
7f2716caa000-7f2716da8000 rw-p 00000000 00:00 0                          [stack:26130]
7f2716da8000-7f2716dab000 ---p 00000000 00:00 0 
7f2716dab000-7f2716ea9000 rw-p 00000000 00:00 0                          [stack:26129]
7f2716ea9000-7f2716eac000 ---p 00000000 00:00 0 
7f2716eac000-7f2716faa000 rw-p 00000000 00:00 0                          [stack:26128]
7f2716faa000-7f2716fad000 ---p 00000000 00:00 0 
7f2716fad000-7f27170ab000 rw-p 00000000 00:00 0                          [stack:26127]
7f27170ab000-7f27170ae000 ---p 00000000 00:00 0 
7f27170ae000-7f27171ac000 rw-p 00000000 00:00 0                          [stack:26123]
7f27171ac000-7f27171af000 ---p 00000000 00:00 0 
7f27171af000-7f27172ad000 rw-p 00000000 00:00 0                          [stack:26122]
7f27172ad000-7f27172b0000 ---p 00000000 00:00 0 
7f27172b0000-7f27173ae000 rw-p 00000000 00:00 0                          [stack:26121]
7f27173ae000-7f27173b4000 r-xp 00000000 08:11 528929                     /lib64/libnss_db-2.17.so
7f27173b4000-7f27175b4000 ---p 00006000 08:11 528929                     /lib64/libnss_db-2.17.so
7f27175b4000-7f27175b5000 r--p 00006000 08:11 528929                     /lib64/libnss_db-2.17.so
7f27175b5000-7f27175b6000 rw-p 00007000 08:11 528929                     /lib64/libnss_db-2.17.so
7f27175b6000-7f27175b7000 rw-p 00000000 00:00 0 
7f27175b7000-7f27175ba000 r--s 0001d000 08:11 1075299                    /home/ivan/.ivy2/cache/org.reactivemongo/reactivemongo-bson-macros_2.10/jars/reactivemongo-bson-macros_2.10-0.10.0.jar
7f27175ba000-7f27175bc000 r--s 00006000 08:11 1080461                    /home/ivan/.ivy2/cache/org.slf4j/slf4j-api/jars/slf4j-api-1.7.6.jar
7f27175bc000-7f27175c2000 r--s 0003d000 08:11 1080288                    /home/ivan/.ivy2/cache/ch.qos.logback/logback-classic/jars/logback-classic-1.1.2.jar
7f27175c2000-7f27175c5000 r--s 0002e000 08:11 1091326                    /home/ivan/.ivy2/cache/com.fasterxml.jackson.core/jackson-core/bundles/jackson-core-2.3.2.jar
7f27175c5000-7f27175c9000 r--s 00015000 08:11 1091324                    /home/ivan/.ivy2/cache/org.joda/joda-convert/jars/joda-convert-1.6.jar
7f27175c9000-7f27175d2000 r--s 00055000 08:11 1091322                    /home/ivan/.ivy2/cache/com.typesafe.play/play-functional_2.10/jars/play-functional_2.10-2.3.1.jar
7f27175d2000-7f27175d6000 r--s 00032000 08:11 1083102                    /home/ivan/.ivy2/cache/com.typesafe/config/bundles/config-1.2.1.jar
7f27175d6000-7f27175e8000 r--s 000a7000 08:11 1091321                    /home/ivan/.ivy2/cache/com.typesafe.play/play-iteratees_2.10/jars/play-iteratees_2.10-2.3.1.jar
7f27175e8000-7f27175f4000 r--s 0008f000 08:11 1091232                    /home/ivan/.ivy2/cache/com.typesafe.play/play-json_2.10/jars/play-json_2.10-2.3.1.jar
7f27175f4000-7f27175f8000 r-xp 00000000 08:11 1727191                    /opt/oracle-jdk-bin-1.8.0.5/jre/lib/amd64/libdt_socket.so
7f27175f8000-7f27177f7000 ---p 00004000 08:11 1727191                    /opt/oracle-jdk-bin-1.8.0.5/jre/lib/amd64/libdt_socket.so
7f27177f7000-7f27177f8000 rw-p 00003000 08:11 1727191                    /opt/oracle-jdk-bin-1.8.0.5/jre/lib/amd64/libdt_socket.so
7f27177f8000-7f27177fb000 ---p 00000000 00:00 0 
7f27177fb000-7f27178f9000 rw-p 00000000 00:00 0                          [stack:26119]
7f27178f9000-7f27178fc000 ---p 00000000 00:00 0 
7f27178fc000-7f27179fa000 rw-p 00000000 00:00 0                          [stack:26118]
7f27179fa000-7f27179fd000 ---p 00000000 00:00 0 
7f27179fd000-7f2717afb000 rw-p 00000000 00:00 0                          [stack:26117]
7f2717afb000-7f2717afc000 ---p 00000000 00:00 0 
7f2717afc000-7f2718000000 rw-p 00000000 00:00 0                          [stack:26116]
7f2718000000-7f2718021000 rw-p 00000000 00:00 0 
7f2718021000-7f271c000000 ---p 00000000 00:00 0 
7f271c000000-7f271c021000 rw-p 00000000 00:00 0 
7f271c021000-7f2720000000 ---p 00000000 00:00 0 
7f2720000000-7f2720021000 rw-p 00000000 00:00 0 
7f2720021000-7f2724000000 ---p 00000000 00:00 0 
7f2724000000-7f2724021000 rw-p 00000000 00:00 0 
7f2724021000-7f2728000000 ---p 00000000 00:00 0 
7f2728000000-7f2728021000 rw-p 00000000 00:00 0 
7f2728021000-7f272c000000 ---p 00000000 00:00 0 
7f272c000000-7f272c021000 rw-p 00000000 00:00 0 
7f272c021000-7f2730000000 ---p 00000000 00:00 0 
7f2730000000-7f2730021000 rw-p 00000000 00:00 0 
7f2730021000-7f2734000000 ---p 00000000 00:00 0 
7f2734000000-7f2734002000 r--s 00007000 08:11 1091325                    /home/ivan/.ivy2/cache/com.fasterxml.jackson.core/jackson-annotations/bundles/jackson-annotations-2.3.2.jar
7f2734002000-7f273400b000 r--s 00096000 08:11 1066759                    /home/ivan/.ivy2/cache/org.scala-stm/scala-stm_2.10/jars/scala-stm_2.10-0.7.jar
7f273400b000-7f273401a000 r--s 0007f000 08:11 1066737                    /home/ivan/.ivy2/cache/joda-time/joda-time/jars/joda-time-2.3.jar
7f273401a000-7f273401e000 r--s 00029000 08:11 1086441                    /home/ivan/.ivy2/cache/com.github.nscala-time/nscala-time_2.10/jars/nscala-time_2.10-1.2.0.jar
7f273401e000-7f273588c000 rw-p 00000000 00:00 0 
7f273588c000-7f2735a61000 r--s 03c4d000 08:11 1727062                    /opt/oracle-jdk-bin-1.8.0.5/jre/lib/rt.jar
7f2735a61000-7f2735a84000 rw-p 00000000 00:00 0 
7f2735a84000-7f2735b81000 r--s 00cca000 08:11 1607227                    /home/ivan/PROJECTS/tools/scala/eclipse-scala2/configuration/org.eclipse.osgi/bundles/374/1/.cp/lib/scala-compiler.jar
7f2735b81000-7f2735bf3000 r--s 0065a000 08:11 1607224                    /home/ivan/PROJECTS/tools/scala/eclipse-scala2/configuration/org.eclipse.osgi/bundles/375/1/.cp/lib/scala-library.jar
7f2735bf3000-7f2736c34000 rw-p 00000000 00:00 0 
7f2736c34000-7f2736c35000 ---p 00000000 00:00 0 
7f2736c35000-7f2736d35000 rw-p 00000000 00:00 0                          [stack:26114]
7f2736d35000-7f2736d36000 ---p 00000000 00:00 0 
7f2736d36000-7f2736e36000 rw-p 00000000 00:00 0                          [stack:26113]
7f2736e36000-7f2736e37000 ---p 00000000 00:00 0 
7f2736e37000-7f2736f37000 rw-p 00000000 00:00 0                          [stack:26112]
7f2736f37000-7f2736f38000 ---p 00000000 00:00 0 
7f2736f38000-7f2737038000 rw-p 00000000 00:00 0                          [stack:26111]
7f2737038000-7f2737039000 ---p 00000000 00:00 0 
7f2737039000-7f2737139000 rw-p 00000000 00:00 0                          [stack:26110]
7f2737139000-7f273713a000 ---p 00000000 00:00 0 
7f273713a000-7f273723a000 rw-p 00000000 00:00 0                          [stack:26109]
7f273723a000-7f273723b000 ---p 00000000 00:00 0 
7f273723b000-7f273733b000 rw-p 00000000 00:00 0                          [stack:26108]
7f273733b000-7f273733c000 ---p 00000000 00:00 0 
7f273733c000-7f2737441000 rw-p 00000000 00:00 0                          [stack:26107]
7f2737441000-7f273796e000 ---p 00000000 00:00 0 
7f273796e000-7f2737973000 rw-p 00000000 00:00 0 
7f2737973000-7f2737ea0000 ---p 00000000 00:00 0 
7f2737ea0000-7f2737ebd000 rw-p 00000000 00:00 0 
7f2737ebd000-7f2738139000 ---p 00000000 00:00 0 
7f2738139000-7f2738156000 rw-p 00000000 00:00 0 
7f2738156000-7f27384fa000 ---p 00000000 00:00 0 
7f27384fa000-7f2738bfa000 rwxp 00000000 00:00 0 
7f2738bfa000-7f27474fa000 ---p 00000000 00:00 0 
7f27474fa000-7f2747516000 r-xp 00000000 08:11 1727190                    /opt/oracle-jdk-bin-1.8.0.5/jre/lib/amd64/libzip.so
7f2747516000-7f2747715000 ---p 0001c000 08:11 1727190                    /opt/oracle-jdk-bin-1.8.0.5/jre/lib/amd64/libzip.so
7f2747715000-7f2747716000 rw-p 0001b000 08:11 1727190                    /opt/oracle-jdk-bin-1.8.0.5/jre/lib/amd64/libzip.so
7f2747716000-7f2747722000 r-xp 00000000 08:11 528093                     /lib64/libnss_files-2.17.so
7f2747722000-7f2747921000 ---p 0000c000 08:11 528093                     /lib64/libnss_files-2.17.so
7f2747921000-7f2747922000 r--p 0000b000 08:11 528093                     /lib64/libnss_files-2.17.so
7f2747922000-7f2747923000 rw-p 0000c000 08:11 528093                     /lib64/libnss_files-2.17.so
7f2747923000-7f274792d000 r-xp 00000000 08:11 528934                     /lib64/libnss_nis-2.17.so
7f274792d000-7f2747b2c000 ---p 0000a000 08:11 528934                     /lib64/libnss_nis-2.17.so
7f2747b2c000-7f2747b2d000 r--p 00009000 08:11 528934                     /lib64/libnss_nis-2.17.so
7f2747b2d000-7f2747b2e000 rw-p 0000a000 08:11 528934                     /lib64/libnss_nis-2.17.so
7f2747b2e000-7f2747b43000 r-xp 00000000 08:11 528122                     /lib64/libnsl-2.17.so
7f2747b43000-7f2747d42000 ---p 00015000 08:11 528122                     /lib64/libnsl-2.17.so
7f2747d42000-7f2747d43000 r--p 00014000 08:11 528122                     /lib64/libnsl-2.17.so
7f2747d43000-7f2747d44000 rw-p 00015000 08:11 528122                     /lib64/libnsl-2.17.so
7f2747d44000-7f2747d46000 rw-p 00000000 00:00 0 
7f2747d46000-7f2748000000 r--p 00000000 08:11 954453                     /usr/lib64/locale/locale-archive
7f2748000000-7f2748ac6000 rw-p 00000000 00:00 0 
7f2748ac6000-7f274c000000 ---p 00000000 00:00 0 
7f274c000000-7f274c021000 rw-p 00000000 00:00 0 
7f274c021000-7f274c057000 r--s 002d9000 08:11 1607230                    /home/ivan/PROJECTS/tools/scala/eclipse-scala2/configuration/org.eclipse.osgi/bundles/374/1/.cp/lib/scala-reflect.jar
7f274c057000-7f274c05f000 r-xp 00000000 08:11 528919                     /lib64/libnss_compat-2.17.so
7f274c05f000-7f274c25e000 ---p 00008000 08:11 528919                     /lib64/libnss_compat-2.17.so
7f274c25e000-7f274c25f000 r--p 00007000 08:11 528919                     /lib64/libnss_compat-2.17.so
7f274c25f000-7f274c260000 rw-p 00008000 08:11 528919                     /lib64/libnss_compat-2.17.so
7f274c260000-7f274c263000 r-xp 00000000 08:11 1727201                    /opt/oracle-jdk-bin-1.8.0.5/jre/lib/amd64/libnpt.so
7f274c263000-7f274c462000 ---p 00003000 08:11 1727201                    /opt/oracle-jdk-bin-1.8.0.5/jre/lib/amd64/libnpt.so
7f274c462000-7f274c463000 rw-p 00002000 08:11 1727201                    /opt/oracle-jdk-bin-1.8.0.5/jre/lib/amd64/libnpt.so
7f274c463000-7f274c49c000 r-xp 00000000 08:11 1727170                    /opt/oracle-jdk-bin-1.8.0.5/jre/lib/amd64/libjdwp.so
7f274c49c000-7f274c69b000 ---p 00039000 08:11 1727170                    /opt/oracle-jdk-bin-1.8.0.5/jre/lib/amd64/libjdwp.so
7f274c69b000-7f274c69d000 rw-p 00038000 08:11 1727170                    /opt/oracle-jdk-bin-1.8.0.5/jre/lib/amd64/libjdwp.so
7f274c69d000-7f274c6c7000 r-xp 00000000 08:11 1727185                    /opt/oracle-jdk-bin-1.8.0.5/jre/lib/amd64/libjava.so
7f274c6c7000-7f274c8c7000 ---p 0002a000 08:11 1727185                    /opt/oracle-jdk-bin-1.8.0.5/jre/lib/amd64/libjava.so
7f274c8c7000-7f274c8c9000 rw-p 0002a000 08:11 1727185                    /opt/oracle-jdk-bin-1.8.0.5/jre/lib/amd64/libjava.so
7f274c8c9000-7f274c8d6000 r-xp 00000000 08:11 1727189                    /opt/oracle-jdk-bin-1.8.0.5/jre/lib/amd64/libverify.so
7f274c8d6000-7f274cad6000 ---p 0000d000 08:11 1727189                    /opt/oracle-jdk-bin-1.8.0.5/jre/lib/amd64/libverify.so
7f274cad6000-7f274cad8000 rw-p 0000d000 08:11 1727189                    /opt/oracle-jdk-bin-1.8.0.5/jre/lib/amd64/libverify.so
7f274cad8000-7f274cadf000 r-xp 00000000 08:11 528924                     /lib64/librt-2.17.so
7f274cadf000-7f274ccde000 ---p 00007000 08:11 528924                     /lib64/librt-2.17.so
7f274ccde000-7f274ccdf000 r--p 00006000 08:11 528924                     /lib64/librt-2.17.so
7f274ccdf000-7f274cce0000 rw-p 00007000 08:11 528924                     /lib64/librt-2.17.so
7f274cce0000-7f274cdd5000 r-xp 00000000 08:11 528932                     /lib64/libm-2.17.so
7f274cdd5000-7f274cfd4000 ---p 000f5000 08:11 528932                     /lib64/libm-2.17.so
7f274cfd4000-7f274cfd5000 r--p 000f4000 08:11 528932                     /lib64/libm-2.17.so
7f274cfd5000-7f274cfd6000 rw-p 000f5000 08:11 528932                     /lib64/libm-2.17.so
7f274cfd6000-7f274dbf0000 r-xp 00000000 08:11 1727167                    /opt/oracle-jdk-bin-1.8.0.5/jre/lib/amd64/server/libjvm.so
7f274dbf0000-7f274ddef000 ---p 00c1a000 08:11 1727167                    /opt/oracle-jdk-bin-1.8.0.5/jre/lib/amd64/server/libjvm.so
7f274ddef000-7f274deb8000 rw-p 00c19000 08:11 1727167                    /opt/oracle-jdk-bin-1.8.0.5/jre/lib/amd64/server/libjvm.so
7f274deb8000-7f274def9000 rw-p 00000000 00:00 0 
7f274def9000-7f274e099000 r-xp 00000000 08:11 528933                     /lib64/libc-2.17.so
7f274e099000-7f274e299000 ---p 001a0000 08:11 528933                     /lib64/libc-2.17.so
7f274e299000-7f274e29d000 r--p 001a0000 08:11 528933                     /lib64/libc-2.17.so
7f274e29d000-7f274e29f000 rw-p 001a4000 08:11 528933                     /lib64/libc-2.17.so
7f274e29f000-7f274e2a3000 rw-p 00000000 00:00 0 
7f274e2a3000-7f274e2a6000 r-xp 00000000 08:11 528928                     /lib64/libdl-2.17.so
7f274e2a6000-7f274e4a5000 ---p 00003000 08:11 528928                     /lib64/libdl-2.17.so
7f274e4a5000-7f274e4a6000 r--p 00002000 08:11 528928                     /lib64/libdl-2.17.so
7f274e4a6000-7f274e4a7000 rw-p 00003000 08:11 528928                     /lib64/libdl-2.17.so
7f274e4a7000-7f274e4be000 r-xp 00000000 08:11 1727827                    /opt/oracle-jdk-bin-1.8.0.5/lib/amd64/jli/libjli.so
7f274e4be000-7f274e6bd000 ---p 00017000 08:11 1727827                    /opt/oracle-jdk-bin-1.8.0.5/lib/amd64/jli/libjli.so
7f274e6bd000-7f274e6be000 rw-p 00016000 08:11 1727827                    /opt/oracle-jdk-bin-1.8.0.5/lib/amd64/jli/libjli.so
7f274e6be000-7f274e6d6000 r-xp 00000000 08:11 528917                     /lib64/libpthread-2.17.so
7f274e6d6000-7f274e8d5000 ---p 00018000 08:11 528917                     /lib64/libpthread-2.17.so
7f274e8d5000-7f274e8d6000 r--p 00017000 08:11 528917                     /lib64/libpthread-2.17.so
7f274e8d6000-7f274e8d7000 rw-p 00018000 08:11 528917                     /lib64/libpthread-2.17.so
7f274e8d7000-7f274e8db000 rw-p 00000000 00:00 0 
7f274e8db000-7f274e8fd000 r-xp 00000000 08:11 528926                     /lib64/ld-2.17.so
7f274e8fd000-7f274e8fe000 rw-p 00000000 00:00 0 
7f274e8fe000-7f274e907000 r--s 00080000 08:11 1441999                    /home/ivan/PROJECTS/tools/scala/eclipse-scala2/plugins/org.scala-ide.sdt.scalatest_2.9.3.v-3-2_10-201407071436-6f67f5a.jar
7f274e907000-7f274e90f000 r--s 0006d000 08:11 1607226                    /home/ivan/PROJECTS/tools/scala/eclipse-scala2/configuration/org.eclipse.osgi/bundles/375/1/.cp/lib/scala-actors.jar
7f274e90f000-7f274e9b8000 rw-p 00000000 00:00 0 
7f274e9b8000-7f274e9bb000 ---p 00000000 00:00 0 
7f274e9bb000-7f274eabd000 rw-p 00000000 00:00 0                          [stack:26102]
7f274eabd000-7f274eabe000 r--s 00003000 08:11 1075310                    /home/ivan/.ivy2/cache/org.apache.logging.log4j/log4j-to-slf4j/jars/log4j-to-slf4j-2.0-beta9.jar
7f274eabe000-7f274eabf000 r--s 00001000 08:11 1091323                    /home/ivan/.ivy2/cache/com.typesafe.play/play-datacommons_2.10/jars/play-datacommons_2.10-2.3.1.jar
7f274eabf000-7f274eac9000 r--s 000a3000 08:11 1607225                    /home/ivan/PROJECTS/tools/scala/eclipse-scala2/configuration/org.eclipse.osgi/bundles/375/1/.cp/lib/scala-swing.jar
7f274eac9000-7f274eaf1000 rw-p 00000000 00:00 0 
7f274eaf1000-7f274eaf9000 rw-s 00000000 08:06 130577                     /tmp/hsperfdata_ivan/26100
7f274eaf9000-7f274eafa000 rw-p 00000000 00:00 0 
7f274eafa000-7f274eafb000 r--p 00000000 00:00 0 
7f274eafb000-7f274eafc000 rw-p 00000000 00:00 0 
7f274eafc000-7f274eafd000 r--p 00021000 08:11 528926                     /lib64/ld-2.17.so
7f274eafd000-7f274eafe000 rw-p 00022000 08:11 528926                     /lib64/ld-2.17.so
7f274eafe000-7f274eaff000 rw-p 00000000 00:00 0 
7fff1f871000-7fff1f892000 rw-p 00000000 00:00 0                          [stack]
7fff1f898000-7fff1f899000 r-xp 00000000 00:00 0                          [vdso]
ffffffffff600000-ffffffffff601000 r-xp 00000000 00:00 0                  [vsyscall]

VM Arguments:
jvm_args: -agentlib:jdwp=transport=dt_socket,suspend=y,address=localhost:36390 -Dfile.encoding=UTF-8 -Xbootclasspath/p:/home/ivan/PROJECTS/tools/scala/eclipse-scala2/configuration/org.eclipse.osgi/bundles/375/1/.cp/lib/scala-library.jar:/home/ivan/PROJECTS/tools/scala/eclipse-scala2/configuration/org.eclipse.osgi/bundles/375/1/.cp/lib/scala-swing.jar:/home/ivan/PROJECTS/tools/scala/eclipse-scala2/configuration/org.eclipse.osgi/bundles/375/1/.cp/lib/scala-actors.jar:/home/ivan/PROJECTS/tools/scala/eclipse-scala2/configuration/org.eclipse.osgi/bundles/374/1/.cp/lib/scala-reflect.jar:/home/ivan/PROJECTS/tools/scala/eclipse-scala2/configuration/org.eclipse.osgi/bundles/374/1/.cp/lib/scala-compiler.jar 
java_command: scala.tools.eclipse.scalatest.launching.ScalaTestLauncher /tmp/st-launch4280342271029166262.classpath /tmp/st-launch1157062845565839633.args
java_class_path (initial): /home/ivan/PROJECTS/tools/scala/eclipse-scala2/plugins/org.scala-ide.sdt.scalatest_2.9.3.v-3-2_10-201407071436-6f67f5a.jar
Launcher Type: SUN_STANDARD

Environment Variables:
JAVA_HOME=/home/ivan/.gentoo/java-config-2/current-user-vm
PATH=/usr/local/bin:/usr/bin:/bin:/opt/bin:/usr/x86_64-pc-linux-gnu/gcc-bin/4.7.3:/usr/lib64/subversion/bin:/usr/games/bin:/sbin
SHELL=/bin/bash
DISPLAY=:0

Signal Handlers:
SIGSEGV: [libjvm.so+0xa2fc90], sa_mask[0]=0x7ffbfeff, sa_flags=0x10000004
SIGBUS: [libjvm.so+0xa2fc90], sa_mask[0]=0x7ffbfeff, sa_flags=0x10000004
SIGFPE: [libjvm.so+0x89b4b0], sa_mask[0]=0x7ffbfeff, sa_flags=0x10000004
SIGPIPE: [libjvm.so+0x89b4b0], sa_mask[0]=0x7ffbfeff, sa_flags=0x10000004
SIGXFSZ: [libjvm.so+0x89b4b0], sa_mask[0]=0x7ffbfeff, sa_flags=0x10000004
SIGILL: [libjvm.so+0x89b4b0], sa_mask[0]=0x7ffbfeff, sa_flags=0x10000004
SIGUSR1: SIG_DFL, sa_mask[0]=0x00000000, sa_flags=0x00000000
SIGUSR2: [libjvm.so+0x89cc50], sa_mask[0]=0x00000004, sa_flags=0x10000004
SIGHUP: [libjvm.so+0x89df00], sa_mask[0]=0x7ffbfeff, sa_flags=0x10000004
SIGINT: [libjvm.so+0x89df00], sa_mask[0]=0x7ffbfeff, sa_flags=0x10000004
SIGTERM: [libjvm.so+0x89df00], sa_mask[0]=0x7ffbfeff, sa_flags=0x10000004
SIGQUIT: [libjvm.so+0x89df00], sa_mask[0]=0x7ffbfeff, sa_flags=0x10000004


---------------  S Y S T E M  ---------------

OS:DISTRIB_ID="Gentoo"

uname:Linux 3.12.20-gentoo #1 SMP PREEMPT Wed Jun 4 13:59:13 EEST 2014 x86_64
libc:glibc 2.17 NPTL 2.17 
rlimit: STACK 8192k, CORE 0k, NPROC 127633, NOFILE 32768, AS infinity
load average:0.93 1.30 1.47

/proc/meminfo:
MemTotal:       16342652 kB
MemFree:          280648 kB
Buffers:          970820 kB
Cached:          6731276 kB
SwapCached:            0 kB
Active:         10473672 kB
Inactive:        4452344 kB
Active(anon):    6768512 kB
Inactive(anon):   750436 kB
Active(file):    3705160 kB
Inactive(file):  3701908 kB
Unevictable:           0 kB
Mlocked:               0 kB
SwapTotal:      33790972 kB
SwapFree:       33790972 kB
Dirty:               652 kB
Writeback:             0 kB
AnonPages:       7223960 kB
Mapped:           617796 kB
Shmem:            295028 kB
Slab:             943568 kB
SReclaimable:     870532 kB
SUnreclaim:        73036 kB
KernelStack:       30208 kB
PageTables:        67900 kB
NFS_Unstable:          0 kB
Bounce:                0 kB
WritebackTmp:          0 kB
CommitLimit:    41962296 kB
Committed_AS:   14396512 kB
VmallocTotal:   34359738367 kB
VmallocUsed:      583312 kB
VmallocChunk:   34359099516 kB
AnonHugePages:   2699264 kB
DirectMap4k:       14076 kB
DirectMap2M:    16635904 kB


CPU:total 8 (4 cores per cpu, 2 threads per core) family 6 model 58 stepping 9, cmov, cx8, fxsr, mmx, sse, sse2, sse3, ssse3, sse4.1, sse4.2, popcnt, avx, aes, clmul, erms, ht, tsc, tscinvbit

/proc/cpuinfo:
processor	: 0
vendor_id	: GenuineIntel
cpu family	: 6
model		: 58
model name	: Intel(R) Core(TM) i7-3632QM CPU @ 2.20GHz
stepping	: 9
microcode	: 0x15
cpu MHz		: 2201.000
cache size	: 6144 KB
physical id	: 0
siblings	: 8
core id		: 0
cpu cores	: 4
apicid		: 0
initial apicid	: 0
fpu		: yes
fpu_exception	: yes
cpuid level	: 13
wp		: yes
flags		: fpu vme de pse tsc msr pae mce cx8 apic sep mtrr pge mca cmov pat pse36 clflush dts acpi mmx fxsr sse sse2 ss ht tm pbe syscall nx rdtscp lm constant_tsc arch_perfmon pebs bts rep_good nopl xtopology nonstop_tsc aperfmperf eagerfpu pni pclmulqdq dtes64 monitor ds_cpl vmx est tm2 ssse3 cx16 xtpr pdcm pcid sse4_1 sse4_2 x2apic popcnt tsc_deadline_timer aes xsave avx f16c rdrand lahf_lm ida arat epb xsaveopt pln pts dtherm tpr_shadow vnmi flexpriority ept vpid fsgsbase smep erms
bogomips	: 4390.40
clflush size	: 64
cache_alignment	: 64
address sizes	: 36 bits physical, 48 bits virtual
power management:

processor	: 1
vendor_id	: GenuineIntel
cpu family	: 6
model		: 58
model name	: Intel(R) Core(TM) i7-3632QM CPU @ 2.20GHz
stepping	: 9
microcode	: 0x15
cpu MHz		: 2201.000
cache size	: 6144 KB
physical id	: 0
siblings	: 8
core id		: 0
cpu cores	: 4
apicid		: 1
initial apicid	: 1
fpu		: yes
fpu_exception	: yes
cpuid level	: 13
wp		: yes
flags		: fpu vme de pse tsc msr pae mce cx8 apic sep mtrr pge mca cmov pat pse36 clflush dts acpi mmx fxsr sse sse2 ss ht tm pbe syscall nx rdtscp lm constant_tsc arch_perfmon pebs bts rep_good nopl xtopology nonstop_tsc aperfmperf eagerfpu pni pclmulqdq dtes64 monitor ds_cpl vmx est tm2 ssse3 cx16 xtpr pdcm pcid sse4_1 sse4_2 x2apic popcnt tsc_deadline_timer aes xsave avx f16c rdrand lahf_lm ida arat epb xsaveopt pln pts dtherm tpr_shadow vnmi flexpriority ept vpid fsgsbase smep erms
bogomips	: 4390.40
clflush size	: 64
cache_alignment	: 64
address sizes	: 36 bits physical, 48 bits virtual
power management:

processor	: 2
vendor_id	: GenuineIntel
cpu family	: 6
model		: 58
model name	: Intel(R) Core(TM) i7-3632QM CPU @ 2.20GHz
stepping	: 9
microcode	: 0x15
cpu MHz		: 2201.000
cache size	: 6144 KB
physical id	: 0
siblings	: 8
core id		: 1
cpu cores	: 4
apicid		: 2
initial apicid	: 2
fpu		: yes
fpu_exception	: yes
cpuid level	: 13
wp		: yes
flags		: fpu vme de pse tsc msr pae mce cx8 apic sep mtrr pge mca cmov pat pse36 clflush dts acpi mmx fxsr sse sse2 ss ht tm pbe syscall nx rdtscp lm constant_tsc arch_perfmon pebs bts rep_good nopl xtopology nonstop_tsc aperfmperf eagerfpu pni pclmulqdq dtes64 monitor ds_cpl vmx est tm2 ssse3 cx16 xtpr pdcm pcid sse4_1 sse4_2 x2apic popcnt tsc_deadline_timer aes xsave avx f16c rdrand lahf_lm ida arat epb xsaveopt pln pts dtherm tpr_shadow vnmi flexpriority ept vpid fsgsbase smep erms
bogomips	: 4390.40
clflush size	: 64
cache_alignment	: 64
address sizes	: 36 bits physical, 48 bits virtual
power management:

processor	: 3
vendor_id	: GenuineIntel
cpu family	: 6
model		: 58
model name	: Intel(R) Core(TM) i7-3632QM CPU @ 2.20GHz
stepping	: 9
microcode	: 0x15
cpu MHz		: 2201.000
cache size	: 6144 KB
physical id	: 0
siblings	: 8
core id		: 1
cpu cores	: 4
apicid		: 3
initial apicid	: 3
fpu		: yes
fpu_exception	: yes
cpuid level	: 13
wp		: yes
flags		: fpu vme de pse tsc msr pae mce cx8 apic sep mtrr pge mca cmov pat pse36 clflush dts acpi mmx fxsr sse sse2 ss ht tm pbe syscall nx rdtscp lm constant_tsc arch_perfmon pebs bts rep_good nopl xtopology nonstop_tsc aperfmperf eagerfpu pni pclmulqdq dtes64 monitor ds_cpl vmx est tm2 ssse3 cx16 xtpr pdcm pcid sse4_1 sse4_2 x2apic popcnt tsc_deadline_timer aes xsave avx f16c rdrand lahf_lm ida arat epb xsaveopt pln pts dtherm tpr_shadow vnmi flexpriority ept vpid fsgsbase smep erms
bogomips	: 4390.40
clflush size	: 64
cache_alignment	: 64
address sizes	: 36 bits physical, 48 bits virtual
power management:

processor	: 4
vendor_id	: GenuineIntel
cpu family	: 6
model		: 58
model name	: Intel(R) Core(TM) i7-3632QM CPU @ 2.20GHz
stepping	: 9
microcode	: 0x15
cpu MHz		: 2201.000
cache size	: 6144 KB
physical id	: 0
siblings	: 8
core id		: 2
cpu cores	: 4
apicid		: 4
initial apicid	: 4
fpu		: yes
fpu_exception	: yes
cpuid level	: 13
wp		: yes
flags		: fpu vme de pse tsc msr pae mce cx8 apic sep mtrr pge mca cmov pat pse36 clflush dts acpi mmx fxsr sse sse2 ss ht tm pbe syscall nx rdtscp lm constant_tsc arch_perfmon pebs bts rep_good nopl xtopology nonstop_tsc aperfmperf eagerfpu pni pclmulqdq dtes64 monitor ds_cpl vmx est tm2 ssse3 cx16 xtpr pdcm pcid sse4_1 sse4_2 x2apic popcnt tsc_deadline_timer aes xsave avx f16c rdrand lahf_lm ida arat epb xsaveopt pln pts dtherm tpr_shadow vnmi flexpriority ept vpid fsgsbase smep erms
bogomips	: 4390.40
clflush size	: 64
cache_alignment	: 64
address sizes	: 36 bits physical, 48 bits virtual
power management:

processor	: 5
vendor_id	: GenuineIntel
cpu family	: 6
model		: 58
model name	: Intel(R) Core(TM) i7-3632QM CPU @ 2.20GHz
stepping	: 9
microcode	: 0x15
cpu MHz		: 2201.000
cache size	: 6144 KB
physical id	: 0
siblings	: 8
core id		: 2
cpu cores	: 4
apicid		: 5
initial apicid	: 5
fpu		: yes
fpu_exception	: yes
cpuid level	: 13
wp		: yes
flags		: fpu vme de pse tsc msr pae mce cx8 apic sep mtrr pge mca cmov pat pse36 clflush dts acpi mmx fxsr sse sse2 ss ht tm pbe syscall nx rdtscp lm constant_tsc arch_perfmon pebs bts rep_good nopl xtopology nonstop_tsc aperfmperf eagerfpu pni pclmulqdq dtes64 monitor ds_cpl vmx est tm2 ssse3 cx16 xtpr pdcm pcid sse4_1 sse4_2 x2apic popcnt tsc_deadline_timer aes xsave avx f16c rdrand lahf_lm ida arat epb xsaveopt pln pts dtherm tpr_shadow vnmi flexpriority ept vpid fsgsbase smep erms
bogomips	: 4390.40
clflush size	: 64
cache_alignment	: 64
address sizes	: 36 bits physical, 48 bits virtual
power management:

processor	: 6
vendor_id	: GenuineIntel
cpu family	: 6
model		: 58
model name	: Intel(R) Core(TM) i7-3632QM CPU @ 2.20GHz
stepping	: 9
microcode	: 0x15
cpu MHz		: 2201.000
cache size	: 6144 KB
physical id	: 0
siblings	: 8
core id		: 3
cpu cores	: 4
apicid		: 6
initial apicid	: 6
fpu		: yes
fpu_exception	: yes
cpuid level	: 13
wp		: yes
flags		: fpu vme de pse tsc msr pae mce cx8 apic sep mtrr pge mca cmov pat pse36 clflush dts acpi mmx fxsr sse sse2 ss ht tm pbe syscall nx rdtscp lm constant_tsc arch_perfmon pebs bts rep_good nopl xtopology nonstop_tsc aperfmperf eagerfpu pni pclmulqdq dtes64 monitor ds_cpl vmx est tm2 ssse3 cx16 xtpr pdcm pcid sse4_1 sse4_2 x2apic popcnt tsc_deadline_timer aes xsave avx f16c rdrand lahf_lm ida arat epb xsaveopt pln pts dtherm tpr_shadow vnmi flexpriority ept vpid fsgsbase smep erms
bogomips	: 4390.40
clflush size	: 64
cache_alignment	: 64
address sizes	: 36 bits physical, 48 bits virtual
power management:

processor	: 7
vendor_id	: GenuineIntel
cpu family	: 6
model		: 58
model name	: Intel(R) Core(TM) i7-3632QM CPU @ 2.20GHz
stepping	: 9
microcode	: 0x15
cpu MHz		: 2201.000
cache size	: 6144 KB
physical id	: 0
siblings	: 8
core id		: 3
cpu cores	: 4
apicid		: 7
initial apicid	: 7
fpu		: yes
fpu_exception	: yes
cpuid level	: 13
wp		: yes
flags		: fpu vme de pse tsc msr pae mce cx8 apic sep mtrr pge mca cmov pat pse36 clflush dts acpi mmx fxsr sse sse2 ss ht tm pbe syscall nx rdtscp lm constant_tsc arch_perfmon pebs bts rep_good nopl xtopology nonstop_tsc aperfmperf eagerfpu pni pclmulqdq dtes64 monitor ds_cpl vmx est tm2 ssse3 cx16 xtpr pdcm pcid sse4_1 sse4_2 x2apic popcnt tsc_deadline_timer aes xsave avx f16c rdrand lahf_lm ida arat epb xsaveopt pln pts dtherm tpr_shadow vnmi flexpriority ept vpid fsgsbase smep erms
bogomips	: 4390.40
clflush size	: 64
cache_alignment	: 64
address sizes	: 36 bits physical, 48 bits virtual
power management:



Memory: 4k page, physical 16342652k(280648k free), swap 33790972k(33790972k free)

vm_info: Java HotSpot(TM) 64-Bit Server VM (25.5-b02) for linux-amd64 JRE (1.8.0_05-b13), built on Mar 18 2014 00:29:27 by "java_re" with gcc 4.3.0 20080428 (Red Hat 4.3.0-8)

time: Thu Aug 14 21:38:44 2014
elapsed time: 89 seconds

